obd-reader/app/build/outputs/logs/manifest-merger-debug-report.txt
-- Merging decision tree log ---
manifest
ADDED from src\main\AndroidManifest.xml:2:1-39:12
	package
		ADDED from src\main\AndroidManifest.xml:3:7-45
		INJECTED from src\main\AndroidManifest.xml
		INJECTED from src\main\AndroidManifest.xml
	android:versionName
		ADDED from src\main\AndroidManifest.xml:5:7-32
		INJECTED from src\main\AndroidManifest.xml
		INJECTED from src\main\AndroidManifest.xml
	android:versionCode
		ADDED from src\main\AndroidManifest.xml:4:7-31
		INJECTED from src\main\AndroidManifest.xml
		INJECTED from src\main\AndroidManifest.xml
	xmlns:android
		ADDED from src\main\AndroidManifest.xml:2:11-69
uses-permission#android.permission.INTERNET
ADDED from src\main\AndroidManifest.xml:6:5-83
	android:name
		ADDED from src\main\AndroidManifest.xml:6:22-64
uses-permission#android.permission.ACCESS_COARSE_LOCATION
ADDED from src\main\AndroidManifest.xml:8:5-97
	android:name
		ADDED from src\main\AndroidManifest.xml:8:22-78
uses-permission#android.permission.ACCESS_FINE_LOCATION
ADDED from src\main\AndroidManifest.xml:9:2-92
	android:name
		ADDED from src\main\AndroidManifest.xml:9:19-73
uses-permission#android.permission.ACCESS_LOCATION_EXTRA_COMMANDS
ADDED from src\main\AndroidManifest.xml:10:2-102
	android:name
		ADDED from src\main\AndroidManifest.xml:10:19-83
uses-permission#android.permission.ACCESS_MOCK_LOCATION
ADDED from src\main\AndroidManifest.xml:11:2-92
	android:name
		ADDED from src\main\AndroidManifest.xml:11:19-73
uses-permission#android.permission.BLUETOOTH
ADDED from src\main\AndroidManifest.xml:12:2-81
	android:name
		ADDED from src\main\AndroidManifest.xml:12:19-62
uses-permission#android.permission.BLUETOOTH_ADMIN
ADDED from src\main\AndroidManifest.xml:12:81-166
	android:name
		ADDED from src\main\AndroidManifest.xml:12:98-147
uses-permission#android.permission.CONTROL_LOCATION_UPDATES
ADDED from src\main\AndroidManifest.xml:12:166-260
	android:name
		ADDED from src\main\AndroidManifest.xml:12:183-241
uses-permission#android.permission.WAKE_LOCK
ADDED from src\main\AndroidManifest.xml:13:2-81
	android:name
		ADDED from src\main\AndroidManifest.xml:13:19-62
application
ADDED from src\main\AndroidManifest.xml:15:5-36:19
	android:label
		ADDED from src\main\AndroidManifest.xml:17:7-39
	android:icon
		ADDED from src\main\AndroidManifest.xml:16:7-36
activity#eu.lighthouselabs.obd.reader.activity.MainActivity
ADDED from src\main\AndroidManifest.xml:18:9-26:20
	android:screenOrientation
		ADDED from src\main\AndroidManifest.xml:20:19-55
	android:label
		ADDED from src\main\AndroidManifest.xml:19:19-51
	android:launchMode
		ADDED from src\main\AndroidManifest.xml:21:19-54
	android:name
		ADDED from src\main\AndroidManifest.xml:18:19-56
intent-filter#android.intent.action.MAIN+android.intent.category.LAUNCHER
ADDED from src\main\AndroidManifest.xml:22:13-25:29
action#android.intent.action.MAIN
ADDED from src\main\AndroidManifest.xml:23:17-69
	android:name
		ADDED from src\main\AndroidManifest.xml:23:25-66
category#android.intent.category.LAUNCHER
ADDED from src\main\AndroidManifest.xml:24:17-77
	android:name
		ADDED from src\main\AndroidManifest.xml:24:27-74
activity#eu.lighthouselabs.obd.reader.activity.ConfigActivity
ADDED from src\main\AndroidManifest.xml:27:9-29:20
	android:label
		ADDED from src\main\AndroidManifest.xml:28:19-51
	android:name
		ADDED from src\main\AndroidManifest.xml:27:19-58
service#eu.lighthouselabs.obd.reader.io.ObdGatewayService
ADDED from src\main\AndroidManifest.xml:35:3-75
	android:exported
		ADDED from src\main\AndroidManifest.xml:35:49-73
	android:name
		ADDED from src\main\AndroidManifest.xml:35:12-48
uses-sdk
ADDED from src\main\AndroidManifest.xml:37:5-43
	android:targetSdkVersion
		INJECTED from src\main\AndroidManifest.xml
		INJECTED from src\main\AndroidManifest.xml
	android:minSdkVersion
		ADDED from src\main\AndroidManifest.xml:37:15-40
		INJECTED from src\main\AndroidManifest.xml
		INJECTED from src\main\AndroidManifest.xml